/home/users/akane/miniconda3/envs/wintome/lib/python3.11/site-packages/torch/distributed/launch.py:181: FutureWarning: The module torch.distributed.launch is deprecated
and will be removed in future. Use torchrun.
Note that --use-env is set by default in torchrun.
If your script expects `--local-rank` argument to be set, please
change it to read from `os.environ['LOCAL_RANK']` instead. See 
https://pytorch.org/docs/stable/distributed.html#launch-utility for 
further instructions

  warnings.warn(
WARNING:torch.distributed.run:
*****************************************
Setting OMP_NUM_THREADS environment variable for each process to be 1 in default, to avoid your system being overloaded, please further tune the variable for optimal performance in your application as needed. 
*****************************************
usage: NAT training script [-h] [--dataset NAME] [--train-split NAME]
                           [--val-split NAME] [--dataset-download]
                           [--class-map FILENAME] [--model MODEL]
                           [--pretrained] [--initial-checkpoint PATH]
                           [--resume PATH] [--no-resume-opt] [--num-classes N]
                           [--gp POOL] [--img-size N]
                           [--input-size N N N N N N N N N] [--crop-pct N]
                           [--mean MEAN [MEAN ...]] [--std STD [STD ...]]
                           [--interpolation NAME] [-b N] [-vb N]
                           [--disable-eval] [--opt OPTIMIZER]
                           [--opt-eps EPSILON] [--opt-betas BETA [BETA ...]]
                           [--momentum M] [--weight-decay WEIGHT_DECAY]
                           [--clip-grad NORM] [--clip-mode CLIP_MODE]
                           [--sched SCHEDULER] [--sched-epochwise] [--lr LR]
                           [--lr-noise pct, pct [pct, pct ...]]
                           [--lr-noise-pct PERCENT] [--lr-noise-std STDDEV]
                           [--lr-cycle-mul MULT] [--lr-cycle-decay MULT]
                           [--lr-cycle-limit N] [--lr-k-decay LR_K_DECAY]
                           [--warmup-lr LR] [--min-lr LR] [--epochs N]
                           [--epoch-repeats N] [--start-epoch N]
                           [--decay-epochs N] [--warmup-epochs N]
                           [--cooldown-epochs N] [--patience-epochs N]
                           [--decay-rate RATE] [--no-aug]
                           [--scale PCT [PCT ...]] [--ratio RATIO [RATIO ...]]
                           [--hflip HFLIP] [--vflip VFLIP]
                           [--color-jitter PCT] [--aa NAME]
                           [--aug-repeats AUG_REPEATS]
                           [--aug-splits AUG_SPLITS] [--jsd-loss] [--bce-loss]
                           [--bce-target-thresh BCE_TARGET_THRESH]
                           [--reprob PCT] [--remode REMODE]
                           [--recount RECOUNT] [--resplit] [--mixup MIXUP]
                           [--cutmix CUTMIX]
                           [--cutmix-minmax CUTMIX_MINMAX [CUTMIX_MINMAX ...]]
                           [--mixup-prob MIXUP_PROB]
                           [--mixup-switch-prob MIXUP_SWITCH_PROB]
                           [--mixup-mode MIXUP_MODE] [--mixup-off-epoch N]
                           [--smoothing SMOOTHING]
                           [--train-interpolation TRAIN_INTERPOLATION]
                           [--drop PCT] [--drop-connect PCT]
                           [--drop-block PCT] [--bn-tf]
                           [--bn-momentum BN_MOMENTUM] [--bn-eps BN_EPS]
                           [--sync-bn] [--dist-bn DIST_BN] [--split-bn]
                           [--model-ema] [--model-ema-force-cpu]
                           [--model-ema-decay MODEL_EMA_DECAY] [--seed S]
                           [--worker-seeding WORKER_SEEDING]
                           [--log-interval N] [--recovery-interval N]
                           [--checkpoint-hist N] [-j N] [--save-images]
                           [--amp] [--apex-amp] [--native-amp] [--no-ddp-bb]
                           [--channels-last] [--pin-mem] [--no-prefetcher]
                           [--output PATH] [--experiment NAME]
                           [--project NAME] [--eval-metric EVAL_METRIC]
                           [--tta N] [--local_rank LOCAL_RANK]
                           [--use-multi-epochs-loader] [--torchscript]
                           [--log-wandb] [--world-size WORLD_SIZE]
                           [--dist-url DIST_URL]
                           DIR
usage: NAT training script [-h] [--dataset NAME] [--train-split NAME]
                           [--val-split NAME] [--dataset-download]
                           [--class-map FILENAME] [--model MODEL]
                           [--pretrained] [--initial-checkpoint PATH]
                           [--resume PATH] [--no-resume-opt] [--num-classes N]
                           [--gp POOL] [--img-size N]
                           [--input-size N N N N N N N N N] [--crop-pct N]
                           [--mean MEAN [MEAN ...]] [--std STD [STD ...]]
                           [--interpolation NAME] [-b N] [-vb N]
                           [--disable-eval] [--opt OPTIMIZER]
                           [--opt-eps EPSILON] [--opt-betas BETA [BETA ...]]
                           [--momentum M] [--weight-decay WEIGHT_DECAY]
                           [--clip-grad NORM] [--clip-mode CLIP_MODE]
                           [--sched SCHEDULER] [--sched-epochwise] [--lr LR]
                           [--lr-noise pct, pct [pct, pct ...]]
                           [--lr-noise-pct PERCENT] [--lr-noise-std STDDEV]
                           [--lr-cycle-mul MULT] [--lr-cycle-decay MULT]
                           [--lr-cycle-limit N] [--lr-k-decay LR_K_DECAY]
                           [--warmup-lr LR] [--min-lr LR] [--epochs N]
                           [--epoch-repeats N] [--start-epoch N]
                           [--decay-epochs N] [--warmup-epochs N]
                           [--cooldown-epochs N] [--patience-epochs N]
                           [--decay-rate RATE] [--no-aug]
                           [--scale PCT [PCT ...]] [--ratio RATIO [RATIO ...]]
                           [--hflip HFLIP] [--vflip VFLIP]
                           [--color-jitter PCT] [--aa NAME]
                           [--aug-repeats AUG_REPEATS]
                           [--aug-splits AUG_SPLITS] [--jsd-loss] [--bce-loss]
                           [--bce-target-thresh BCE_TARGET_THRESH]
                           [--reprob PCT] [--remode REMODE]
                           [--recount RECOUNT] [--resplit] [--mixup MIXUP]
                           [--cutmix CUTMIX]
                           [--cutmix-minmax CUTMIX_MINMAX [CUTMIX_MINMAX ...]]
                           [--mixup-prob MIXUP_PROB]
                           [--mixup-switch-prob MIXUP_SWITCH_PROB]
                           [--mixup-mode MIXUP_MODE] [--mixup-off-epoch N]
                           [--smoothing SMOOTHING]
                           [--train-interpolation TRAIN_INTERPOLATION]
                           [--drop PCT] [--drop-connect PCT]
                           [--drop-block PCT] [--bn-tf]
                           [--bn-momentum BN_MOMENTUM] [--bn-eps BN_EPS]
                           [--sync-bn] [--dist-bn DIST_BN] [--split-bn]
                           [--model-ema] [--model-ema-force-cpu]
                           [--model-ema-decay MODEL_EMA_DECAY] [--seed S]
                           [--worker-seeding WORKER_SEEDING]
                           [--log-interval N] [--recovery-interval N]
                           [--checkpoint-hist N] [-j N] [--save-images]
                           [--amp] [--apex-amp] [--native-amp] [--no-ddp-bb]
                           [--channels-last] [--pin-mem] [--no-prefetcher]
                           [--output PATH] [--experiment NAME]
                           [--project NAME] [--eval-metric EVAL_METRIC]
                           [--tta N] [--local_rank LOCAL_RANK]
                           [--use-multi-epochs-loader] [--torchscript]
                           [--log-wandb] [--world-size WORLD_SIZE]
                           [--dist-url DIST_URL]
                           DIR
NAT training script: error: unrecognized arguments: --local-rank=0
NAT training script: error: unrecognized arguments: --local-rank=1
ERROR:torch.distributed.elastic.multiprocessing.api:failed (exitcode: 2) local_rank: 0 (pid: 2699219) of binary: /home/users/akane/miniconda3/envs/wintome/bin/python3
Traceback (most recent call last):
  File "<frozen runpy>", line 198, in _run_module_as_main
  File "<frozen runpy>", line 88, in _run_code
  File "/home/users/akane/miniconda3/envs/wintome/lib/python3.11/site-packages/torch/distributed/launch.py", line 196, in <module>
    main()
  File "/home/users/akane/miniconda3/envs/wintome/lib/python3.11/site-packages/torch/distributed/launch.py", line 192, in main
    launch(args)
  File "/home/users/akane/miniconda3/envs/wintome/lib/python3.11/site-packages/torch/distributed/launch.py", line 177, in launch
    run(args)
  File "/home/users/akane/miniconda3/envs/wintome/lib/python3.11/site-packages/torch/distributed/run.py", line 785, in run
    elastic_launch(
  File "/home/users/akane/miniconda3/envs/wintome/lib/python3.11/site-packages/torch/distributed/launcher/api.py", line 134, in __call__
    return launch_agent(self._config, self._entrypoint, list(args))
           ^^^^^^^^^^^^^^^^^^^^^^^^^^^^^^^^^^^^^^^^^^^^^^^^^^^^^^^^
  File "/home/users/akane/miniconda3/envs/wintome/lib/python3.11/site-packages/torch/distributed/launcher/api.py", line 250, in launch_agent
    raise ChildFailedError(
torch.distributed.elastic.multiprocessing.errors.ChildFailedError: 
============================================================
train.py FAILED
------------------------------------------------------------
Failures:
[1]:
  time      : 2023-10-04_12:18:59
  host      : shi-03.cs.uoregon.edu
  rank      : 1 (local_rank: 1)
  exitcode  : 2 (pid: 2699220)
  error_file: <N/A>
  traceback : To enable traceback see: https://pytorch.org/docs/stable/elastic/errors.html
------------------------------------------------------------
Root Cause (first observed failure):
[0]:
  time      : 2023-10-04_12:18:59
  host      : shi-03.cs.uoregon.edu
  rank      : 0 (local_rank: 0)
  exitcode  : 2 (pid: 2699219)
  error_file: <N/A>
  traceback : To enable traceback see: https://pytorch.org/docs/stable/elastic/errors.html
============================================================
